<!DOCTYPE html PUBLIC "-//W3C//DTD XHTML 1.1//EN" "http://www.w3.org/TR/xhtml11/DTD/xhtml11.dtd">
<html xmlns="http://www.w3.org/1999/xhtml"><head><title>TestNG Report</title><style type="text/css">table {margin-bottom:10px;border-collapse:collapse;empty-cells:show}th,td {border:1px solid #009;padding:.25em .5em}th {vertical-align:bottom}td {vertical-align:top}table a {font-weight:bold}.stripe td {background-color: #E6EBF9}.num {text-align:right}.passedodd td {background-color: #3F3}.passedeven td {background-color: #0A0}.skippedodd td {background-color: #DDD}.skippedeven td {background-color: #CCC}.failedodd td,.attn {background-color: #F33}.failedeven td,.stripe .attn {background-color: #D00}.stacktrace {white-space:pre;font-family:monospace}.totop {font-size:85%;text-align:center;border-bottom:2px solid #000}</style></head><body><table><tr><th>Test</th><th># Passed</th><th># Skipped</th><th># Failed</th><th>Time (ms)</th><th>Included Groups</th><th>Excluded Groups</th></tr><tr><th colspan="7">Default suite</th></tr><tr><td><a href="#t0">Default test</a></td><td class="num">2</td><td class="num">0</td><td class="num attn">1</td><td class="num">192,836</td><td></td><td></td></tr></table><table id='summary'><thead><tr><th>Class</th><th>Method</th><th>Start</th><th>Time (ms)</th></tr></thead><tbody><tr><th colspan="4">Default suite</th></tr></tbody><tbody id="t0"><tr><th colspan="4">Default test &#8212; failed</th></tr><tr class="failedeven"><td rowspan="1">com.iambank.test.app.OnBoardingScreens.USAddressScreenTest</td><td><a href="#m0">verifyNextButtonClick</a></td><td rowspan="1">1495017660426</td><td rowspan="1">57055</td></tr><tr><th colspan="4">Default test &#8212; passed</th></tr><tr class="passedeven"><td rowspan="2">com.iambank.test.app.OnBoardingScreens.USAddressScreenTest</td><td><a href="#m1">verifyAddressFieldsUI</a></td><td rowspan="1">1495017595349</td><td rowspan="1">59405</td></tr><tr class="passedeven"><td><a href="#m2">verifyUSAddressScreenUI</a></td><td rowspan="1">1495017725868</td><td rowspan="1">56361</td></tr></tbody></table><h2>Default test</h2><h3 id="m0">com.iambank.test.app.OnBoardingScreens.USAddressScreenTest#verifyNextButtonClick</h3><table class="result"><tr class="param"><th>Parameter #1</th></tr><tr class="param stripe"><td>com.iambank.execution.app.AndroidAppInstance@3e42f7e8</td></tr><tr><th>Exception</th></tr><tr><td><div class="stacktrace">org.openqa.selenium.NoSuchElementException: Can&apos;t locate an element by this strategy: Locator map: 
- native content: &quot;By.id: tl_addressLine1&quot; 
- html content: &quot;by id or name &quot;addressLine1&quot;&quot;
	at io.appium.java_client.pagefactory.AppiumElementLocator.findElement(AppiumElementLocator.java:119)
	at io.appium.java_client.pagefactory.interceptors.InterceptorOfASingleElement.intercept(InterceptorOfASingleElement.java:61)
	at io.appium.java_client.android.AndroidElement$$EnhancerByCGLIB$$b598166c.sendKeys(&lt;generated&gt;)
	at com.iambank.pages.OnBoardingScreens.USAddressScreen.enterAddressLine1(USAddressScreen.java:50)
	at com.iambank.test.app.OnBoardingScreens.USAddressScreenTest.verifyNextButtonClick(USAddressScreenTest.java:43)
	at sun.reflect.NativeMethodAccessorImpl.invoke0(Native Method)
	at sun.reflect.NativeMethodAccessorImpl.invoke(Unknown Source)
	at sun.reflect.DelegatingMethodAccessorImpl.invoke(Unknown Source)
	at java.lang.reflect.Method.invoke(Unknown Source)
	at org.testng.internal.MethodInvocationHelper.invokeMethod(MethodInvocationHelper.java:108)
	at org.testng.internal.MethodInvocationHelper$1.runTestMethod(MethodInvocationHelper.java:209)
	at org.springframework.test.context.testng.AbstractTestNGSpringContextTests.run(AbstractTestNGSpringContextTests.java:175)
	at org.testng.internal.MethodInvocationHelper.invokeHookable(MethodInvocationHelper.java:221)
	at org.testng.internal.Invoker.invokeMethod(Invoker.java:657)
	at org.testng.internal.Invoker.invokeTestMethod(Invoker.java:869)
	at org.testng.internal.TestMethodWithDataProviderMethodWorker.call(TestMethodWithDataProviderMethodWorker.java:75)
	at org.testng.internal.TestMethodWithDataProviderMethodWorker.call(TestMethodWithDataProviderMethodWorker.java:14)
	at java.util.concurrent.FutureTask.run(Unknown Source)
	at java.util.concurrent.Executors$RunnableAdapter.call(Unknown Source)
	at java.util.concurrent.FutureTask.run(Unknown Source)
	at java.util.concurrent.ThreadPoolExecutor.runWorker(Unknown Source)
	at java.util.concurrent.ThreadPoolExecutor$Worker.run(Unknown Source)
	at java.lang.Thread.run(Unknown Source)
Caused by: org.openqa.selenium.TimeoutException: Expected condition failed: waiting for io.appium.java_client.pagefactory.AppiumElementLocator$WaitingFunction@4427f3d5 (tried for 1 second(s) with 500 MILLISECONDS interval)
	at org.openqa.selenium.support.ui.FluentWait.timeoutException(FluentWait.java:264)
	at org.openqa.selenium.support.ui.FluentWait.until(FluentWait.java:232)
	at io.appium.java_client.pagefactory.AppiumElementLocator.waitFor(AppiumElementLocator.java:91)
	at io.appium.java_client.pagefactory.AppiumElementLocator.findElement(AppiumElementLocator.java:112)
	... 22 more
Caused by: org.openqa.selenium.NoSuchElementException: An element could not be located on the page using the given search parameters. (WARNING: The server did not provide any stacktrace information)
Command duration or timeout: 65 milliseconds
For documentation on this error, please visit: http://seleniumhq.org/exceptions/no_such_element.html
Build info: version: &apos;3.4.0&apos;, revision: &apos;unknown&apos;, time: &apos;unknown&apos;
System info: host: &apos;NDI-LAP-550&apos;, ip: &apos;192.168.203.1&apos;, os.name: &apos;Windows 7&apos;, os.arch: &apos;amd64&apos;, os.version: &apos;6.1&apos;, java.version: &apos;1.8.0_121&apos;
Driver info: io.appium.java_client.android.AndroidDriver
Capabilities [{appPackage=com.iambank.debug, noReset=true, deviceName=emulator-5554, fullReset=false, platform=ANY, deviceUDID=emulator-5554, desired={app=C:\GIT_Android\android_automation\iambank-0.2.0-debug.apk, noReset=true, newCommandTimeout=900, platformVersion=5.1, recordVideo=true, recordScreenshots=true, platformName=Android, deviceName=&quot;Nexus_4_API_22&quot;, fullReset=false, platform=ANY}, newCommandTimeout=900, platformVersion=5.1.1, webStorageEnabled=false, takesScreenshot=true, javascriptEnabled=true, recordScreenshots=true, platformName=Android, deviceManufacturer=unknown, app=C:\GIT_Android\android_automation\iambank-0.2.0-debug.apk, deviceScreenSize=768x1280, networkConnectionEnabled=true, warnings={}, recordVideo=true, appWaitPackage=com.iambank.debug, appWaitActivity=com.iambank.onboarding.ui.activity.SplashActivity, databaseEnabled=false, appActivity=com.iambank.onboarding.ui.activity.SplashActivity, locationContextEnabled=false, deviceModel=Android SDK built for x86}]
Session ID: 9120533b-dcd0-475f-a782-1301c4f8aa68
*** Element info: {Using=id, value=tl_addressLine1}
	at sun.reflect.NativeConstructorAccessorImpl.newInstance0(Native Method)
	at sun.reflect.NativeConstructorAccessorImpl.newInstance(Unknown Source)
	at sun.reflect.DelegatingConstructorAccessorImpl.newInstance(Unknown Source)
	at java.lang.reflect.Constructor.newInstance(Unknown Source)
	at org.openqa.selenium.remote.ErrorHandler.createThrowable(ErrorHandler.java:215)
	at org.openqa.selenium.remote.ErrorHandler.throwIfResponseFailed(ErrorHandler.java:167)
	at org.openqa.selenium.remote.RemoteWebDriver.execute(RemoteWebDriver.java:671)
	at io.appium.java_client.DefaultGenericMobileDriver.execute(DefaultGenericMobileDriver.java:42)
	at io.appium.java_client.AppiumDriver.execute(AppiumDriver.java:1)
	at io.appium.java_client.android.AndroidDriver.execute(AndroidDriver.java:1)
	at org.openqa.selenium.remote.RemoteWebDriver.findElement(RemoteWebDriver.java:410)
	at io.appium.java_client.DefaultGenericMobileDriver.findElement(DefaultGenericMobileDriver.java:62)
	at io.appium.java_client.AppiumDriver.findElement(AppiumDriver.java:1)
	at io.appium.java_client.android.AndroidDriver.findElement(AndroidDriver.java:1)
	at org.openqa.selenium.remote.RemoteWebDriver.findElementById(RemoteWebDriver.java:453)
	at io.appium.java_client.DefaultGenericMobileDriver.findElementById(DefaultGenericMobileDriver.java:70)
	at io.appium.java_client.AppiumDriver.findElementById(AppiumDriver.java:1)
	at io.appium.java_client.android.AndroidDriver.findElementById(AndroidDriver.java:1)
	at org.openqa.selenium.By$ById.findElement(By.java:218)
	at org.openqa.selenium.remote.RemoteWebDriver.findElement(RemoteWebDriver.java:402)
	at io.appium.java_client.DefaultGenericMobileDriver.findElement(DefaultGenericMobileDriver.java:58)
	at io.appium.java_client.AppiumDriver.findElement(AppiumDriver.java:1)
	at io.appium.java_client.android.AndroidDriver.findElement(AndroidDriver.java:1)
	at io.appium.java_client.pagefactory.bys.ContentMappedBy.findElement(ContentMappedBy.java:36)
	at org.openqa.selenium.remote.RemoteWebDriver.findElement(RemoteWebDriver.java:402)
	at io.appium.java_client.DefaultGenericMobileDriver.findElement(DefaultGenericMobileDriver.java:58)
	at io.appium.java_client.AppiumDriver.findElement(AppiumDriver.java:1)
	at io.appium.java_client.android.AndroidDriver.findElement(AndroidDriver.java:1)
	at io.appium.java_client.pagefactory.AppiumElementLocator.lambda$0(AppiumElementLocator.java:113)
	at io.appium.java_client.pagefactory.AppiumElementLocator$WaitingFunction.apply(AppiumElementLocator.java:167)
	at io.appium.java_client.pagefactory.AppiumElementLocator$WaitingFunction.apply(AppiumElementLocator.java:1)
	at org.openqa.selenium.support.ui.FluentWait.until(FluentWait.java:209)
	... 24 more
</div></td></tr></table><p class="totop"><a href="#summary">back to summary</a></p><h3 id="m1">com.iambank.test.app.OnBoardingScreens.USAddressScreenTest#verifyAddressFieldsUI</h3><table class="result"><tr class="param"><th>Parameter #1</th></tr><tr class="param stripe"><td>com.iambank.execution.app.AndroidAppInstance@78e24d10</td></tr></table><p class="totop"><a href="#summary">back to summary</a></p><h3 id="m2">com.iambank.test.app.OnBoardingScreens.USAddressScreenTest#verifyUSAddressScreenUI</h3><table class="result"><tr class="param"><th>Parameter #1</th></tr><tr class="param stripe"><td>com.iambank.execution.app.AndroidAppInstance@364f5474</td></tr></table><p class="totop"><a href="#summary">back to summary</a></p></body></html>