<?xml version="1.0" encoding="UTF-8"?>
<testng-results skipped="0" failed="1" ignored="0" total="1" passed="0">
  <reporter-output>
  </reporter-output>
  <suite name="Default suite" duration-ms="154037" started-at="2017-05-16T09:25:09Z" finished-at="2017-05-16T09:27:43Z">
    <groups>
    </groups>
    <test name="Default test" duration-ms="154037" started-at="2017-05-16T09:25:09Z" finished-at="2017-05-16T09:27:43Z">
      <class name="com.iambank.test.app.SprintDemo.Sprint2DemoTest">
        <test-method status="PASS" signature="suiteInit()[pri:0, instance:com.iambank.test.app.SprintDemo.Sprint2DemoTest@4b213651]" name="suiteInit" is-config="true" duration-ms="452" started-at="2017-05-16T14:55:09Z" finished-at="2017-05-16T14:55:09Z">
          <reporter-output>
          </reporter-output>
        </test-method> <!-- suiteInit -->
        <test-method status="PASS" signature="springTestContextBeforeTestClass()[pri:0, instance:com.iambank.test.app.SprintDemo.Sprint2DemoTest@4b213651]" name="springTestContextBeforeTestClass" is-config="true" duration-ms="1" started-at="2017-05-16T14:55:09Z" finished-at="2017-05-16T14:55:09Z">
          <reporter-output>
          </reporter-output>
        </test-method> <!-- springTestContextBeforeTestClass -->
        <test-method status="PASS" signature="springTestContextPrepareTestInstance()[pri:0, instance:com.iambank.test.app.SprintDemo.Sprint2DemoTest@4b213651]" name="springTestContextPrepareTestInstance" is-config="true" duration-ms="0" started-at="2017-05-16T14:55:09Z" depends-on-methods="org.springframework.test.context.testng.AbstractTestNGSpringContextTests.springTestContextBeforeTestClass" finished-at="2017-05-16T14:55:09Z">
          <reporter-output>
          </reporter-output>
        </test-method> <!-- springTestContextPrepareTestInstance -->
        <test-method status="PASS" signature="springTestContextBeforeTestMethod(java.lang.reflect.Method)[pri:0, instance:com.iambank.test.app.SprintDemo.Sprint2DemoTest@4b213651]" name="springTestContextBeforeTestMethod" is-config="true" duration-ms="1" started-at="2017-05-16T14:55:09Z" finished-at="2017-05-16T14:55:09Z">
          <params>
            <param index="0">
              <value>
                <![CDATA[public void com.iambank.test.app.SprintDemo.Sprint2DemoTest.verifyNextButtonClick(com.iambank.execution.app.IAMBankAppInstance) throws java.lang.Exception]]>
              </value>
            </param>
          </params>
          <reporter-output>
          </reporter-output>
        </test-method> <!-- springTestContextBeforeTestMethod -->
        <test-method status="PASS" signature="baseSetup(java.lang.reflect.Method, [Ljava.lang.Object;)[pri:0, instance:com.iambank.test.app.SprintDemo.Sprint2DemoTest@4b213651]" name="baseSetup" is-config="true" duration-ms="195" started-at="2017-05-16T14:55:09Z" finished-at="2017-05-16T14:55:10Z">
          <params>
            <param index="0">
              <value>
                <![CDATA[public void com.iambank.test.app.SprintDemo.Sprint2DemoTest.verifyNextButtonClick(com.iambank.execution.app.IAMBankAppInstance) throws java.lang.Exception]]>
              </value>
            </param>
            <param index="1">
              <value>
                <![CDATA[[Ljava.lang.Object;@34645867]]>
              </value>
            </param>
          </params>
          <reporter-output>
          </reporter-output>
        </test-method> <!-- baseSetup -->
        <test-method status="FAIL" signature="verifyNextButtonClick(com.iambank.execution.app.IAMBankAppInstance)[pri:0, instance:com.iambank.test.app.SprintDemo.Sprint2DemoTest@4b213651]" name="verifyNextButtonClick" duration-ms="143183" started-at="2017-05-16T14:55:10Z" data-provider="defaultConfig" finished-at="2017-05-16T14:57:33Z">
          <params>
            <param index="0">
              <value>
                <![CDATA[com.iambank.execution.app.AndroidAppInstance@1c55512e]]>
              </value>
            </param>
          </params>
          <exception class="org.openqa.selenium.NoSuchElementException">
            <message>
              <![CDATA[An element could not be located on the page using the given search parameters. (WARNING: The server did not provide any stacktrace information)
Command duration or timeout: 1.10 seconds
For documentation on this error, please visit: http://seleniumhq.org/exceptions/no_such_element.html
Build info: version: '3.4.0', revision: 'unknown', time: 'unknown'
System info: host: 'NDI-LAP-550', ip: '172.20.38.244', os.name: 'Windows 7', os.arch: 'amd64', os.version: '6.1', java.version: '1.8.0_121'
Driver info: io.appium.java_client.android.AndroidDriver
Capabilities [{appPackage=com.iambank.debug, noReset=false, deviceName=emulator-5554, fullReset=true, platform=ANY, deviceUDID=emulator-5554, desired={app=C:\GIT_Android\android_automation\iambank-0.2.0-debug.apk, noReset=false, newCommandTimeout=900, platformVersion=5.1, recordVideo=true, recordScreenshots=true, platformName=Android, deviceName="Nexus_4_API_22", fullReset=true, platform=ANY}, newCommandTimeout=900, platformVersion=5.1.1, webStorageEnabled=false, takesScreenshot=true, javascriptEnabled=true, recordScreenshots=true, platformName=Android, deviceManufacturer=unknown, app=C:\GIT_Android\android_automation\iambank-0.2.0-debug.apk, deviceScreenSize=768x1280, networkConnectionEnabled=true, warnings={}, recordVideo=true, appWaitPackage=com.iambank.debug, appWaitActivity=com.iambank.onboarding.ui.activity.SplashActivity, databaseEnabled=false, appActivity=com.iambank.onboarding.ui.activity.SplashActivity, locationContextEnabled=false, deviceModel=Android SDK built for x86}]
Session ID: acf14fc5-f19a-4b82-8c12-971adbbd384e
*** Element info: {Using=xpath, value=//*[@class='android.widget.Button'][2]}]]>
            </message>
            <full-stacktrace>
              <![CDATA[org.openqa.selenium.NoSuchElementException: An element could not be located on the page using the given search parameters. (WARNING: The server did not provide any stacktrace information)
Command duration or timeout: 1.10 seconds
For documentation on this error, please visit: http://seleniumhq.org/exceptions/no_such_element.html
Build info: version: '3.4.0', revision: 'unknown', time: 'unknown'
System info: host: 'NDI-LAP-550', ip: '172.20.38.244', os.name: 'Windows 7', os.arch: 'amd64', os.version: '6.1', java.version: '1.8.0_121'
Driver info: io.appium.java_client.android.AndroidDriver
Capabilities [{appPackage=com.iambank.debug, noReset=false, deviceName=emulator-5554, fullReset=true, platform=ANY, deviceUDID=emulator-5554, desired={app=C:\GIT_Android\android_automation\iambank-0.2.0-debug.apk, noReset=false, newCommandTimeout=900, platformVersion=5.1, recordVideo=true, recordScreenshots=true, platformName=Android, deviceName="Nexus_4_API_22", fullReset=true, platform=ANY}, newCommandTimeout=900, platformVersion=5.1.1, webStorageEnabled=false, takesScreenshot=true, javascriptEnabled=true, recordScreenshots=true, platformName=Android, deviceManufacturer=unknown, app=C:\GIT_Android\android_automation\iambank-0.2.0-debug.apk, deviceScreenSize=768x1280, networkConnectionEnabled=true, warnings={}, recordVideo=true, appWaitPackage=com.iambank.debug, appWaitActivity=com.iambank.onboarding.ui.activity.SplashActivity, databaseEnabled=false, appActivity=com.iambank.onboarding.ui.activity.SplashActivity, locationContextEnabled=false, deviceModel=Android SDK built for x86}]
Session ID: acf14fc5-f19a-4b82-8c12-971adbbd384e
*** Element info: {Using=xpath, value=//*[@class='android.widget.Button'][2]}
	at sun.reflect.NativeConstructorAccessorImpl.newInstance0(Native Method)
	at sun.reflect.NativeConstructorAccessorImpl.newInstance(Unknown Source)
	at sun.reflect.DelegatingConstructorAccessorImpl.newInstance(Unknown Source)
	at java.lang.reflect.Constructor.newInstance(Unknown Source)
	at org.openqa.selenium.remote.ErrorHandler.createThrowable(ErrorHandler.java:215)
	at org.openqa.selenium.remote.ErrorHandler.throwIfResponseFailed(ErrorHandler.java:167)
	at org.openqa.selenium.remote.RemoteWebDriver.execute(RemoteWebDriver.java:671)
	at io.appium.java_client.DefaultGenericMobileDriver.execute(DefaultGenericMobileDriver.java:42)
	at io.appium.java_client.AppiumDriver.execute(AppiumDriver.java:1)
	at io.appium.java_client.android.AndroidDriver.execute(AndroidDriver.java:1)
	at org.openqa.selenium.remote.RemoteWebDriver.findElement(RemoteWebDriver.java:410)
	at io.appium.java_client.DefaultGenericMobileDriver.findElement(DefaultGenericMobileDriver.java:62)
	at io.appium.java_client.AppiumDriver.findElement(AppiumDriver.java:1)
	at io.appium.java_client.android.AndroidDriver.findElement(AndroidDriver.java:1)
	at org.openqa.selenium.remote.RemoteWebDriver.findElementByXPath(RemoteWebDriver.java:509)
	at io.appium.java_client.DefaultGenericMobileDriver.findElementByXPath(DefaultGenericMobileDriver.java:140)
	at io.appium.java_client.AppiumDriver.findElementByXPath(AppiumDriver.java:1)
	at io.appium.java_client.android.AndroidDriver.findElementByXPath(AndroidDriver.java:1)
	at org.openqa.selenium.By$ByXPath.findElement(By.java:361)
	at org.openqa.selenium.remote.RemoteWebDriver.findElement(RemoteWebDriver.java:402)
	at io.appium.java_client.DefaultGenericMobileDriver.findElement(DefaultGenericMobileDriver.java:58)
	at io.appium.java_client.AppiumDriver.findElement(AppiumDriver.java:1)
	at io.appium.java_client.android.AndroidDriver.findElement(AndroidDriver.java:1)
	at com.iambank.pages.OnBoardingScreens.PhoneNumberScreen.clickNextButton(PhoneNumberScreen.java:76)
	at com.iambank.test.app.SprintDemo.Sprint2DemoTest.verifyNextButtonClick(Sprint2DemoTest.java:31)
	at sun.reflect.NativeMethodAccessorImpl.invoke0(Native Method)
	at sun.reflect.NativeMethodAccessorImpl.invoke(Unknown Source)
	at sun.reflect.DelegatingMethodAccessorImpl.invoke(Unknown Source)
	at java.lang.reflect.Method.invoke(Unknown Source)
	at org.testng.internal.MethodInvocationHelper.invokeMethod(MethodInvocationHelper.java:108)
	at org.testng.internal.MethodInvocationHelper$1.runTestMethod(MethodInvocationHelper.java:209)
	at org.springframework.test.context.testng.AbstractTestNGSpringContextTests.run(AbstractTestNGSpringContextTests.java:175)
	at org.testng.internal.MethodInvocationHelper.invokeHookable(MethodInvocationHelper.java:221)
	at org.testng.internal.Invoker.invokeMethod(Invoker.java:657)
	at org.testng.internal.Invoker.invokeTestMethod(Invoker.java:869)
	at org.testng.internal.TestMethodWithDataProviderMethodWorker.call(TestMethodWithDataProviderMethodWorker.java:75)
	at org.testng.internal.TestMethodWithDataProviderMethodWorker.call(TestMethodWithDataProviderMethodWorker.java:14)
	at java.util.concurrent.FutureTask.run(Unknown Source)
	at java.util.concurrent.Executors$RunnableAdapter.call(Unknown Source)
	at java.util.concurrent.FutureTask.run(Unknown Source)
	at java.util.concurrent.ThreadPoolExecutor.runWorker(Unknown Source)
	at java.util.concurrent.ThreadPoolExecutor$Worker.run(Unknown Source)
	at java.lang.Thread.run(Unknown Source)
]]>
            </full-stacktrace>
          </exception> <!-- org.openqa.selenium.NoSuchElementException -->
          <reporter-output>
          </reporter-output>
        </test-method> <!-- verifyNextButtonClick -->
        <test-method status="PASS" signature="baseCleanup(org.testng.ITestContext, org.testng.ITestResult, [Ljava.lang.Object;)[pri:0, instance:com.iambank.test.app.SprintDemo.Sprint2DemoTest@4b213651]" name="baseCleanup" is-config="true" duration-ms="10624" started-at="2017-05-16T14:57:33Z" finished-at="2017-05-16T14:57:43Z">
          <params>
            <param index="0">
              <value>
                <![CDATA[org.testng.TestRunner@2484f433]]>
              </value>
            </param>
            <param index="1">
              <value>
                <![CDATA[[TestResult name=verifyNextButtonClick status=FAILURE method=Sprint2DemoTest.verifyNextButtonClick(com.iambank.execution.app.IAMBankAppInstance)[pri:0, instance:com.iambank.test.app.SprintDemo.Sprint2DemoTest@4b213651] output={null}]]]>
              </value>
            </param>
            <param index="2">
              <value>
                <![CDATA[[Ljava.lang.Object;@34645867]]>
              </value>
            </param>
          </params>
          <reporter-output>
          </reporter-output>
        </test-method> <!-- baseCleanup -->
        <test-method status="PASS" signature="springTestContextAfterTestMethod(java.lang.reflect.Method)[pri:0, instance:com.iambank.test.app.SprintDemo.Sprint2DemoTest@4b213651]" name="springTestContextAfterTestMethod" is-config="true" duration-ms="1" started-at="2017-05-16T14:57:43Z" finished-at="2017-05-16T14:57:43Z">
          <params>
            <param index="0">
              <value>
                <![CDATA[public void com.iambank.test.app.SprintDemo.Sprint2DemoTest.verifyNextButtonClick(com.iambank.execution.app.IAMBankAppInstance) throws java.lang.Exception]]>
              </value>
            </param>
          </params>
          <reporter-output>
          </reporter-output>
        </test-method> <!-- springTestContextAfterTestMethod -->
        <test-method status="PASS" signature="springTestContextAfterTestClass()[pri:0, instance:com.iambank.test.app.SprintDemo.Sprint2DemoTest@4b213651]" name="springTestContextAfterTestClass" is-config="true" duration-ms="0" started-at="2017-05-16T14:57:43Z" finished-at="2017-05-16T14:57:43Z">
          <reporter-output>
          </reporter-output>
        </test-method> <!-- springTestContextAfterTestClass -->
      </class> <!-- com.iambank.test.app.SprintDemo.Sprint2DemoTest -->
    </test> <!-- Default test -->
  </suite> <!-- Default suite -->
</testng-results>
