<?xml version="1.0" encoding="UTF-8"?>
<!-- Generated by org.testng.reporters.JUnitReportReporter -->
<testsuite skipped="0" hostname="NDI-LAP-550" name="com.iambank.test.app.SprintDemo.Sprint2DemoTest" tests="1" failures="0" timestamp="16 May 2017 09:27:44 GMT" time="154.004" errors="1">
  <testcase name="verifyNextButtonClick" time="154.004" classname="com.iambank.test.app.SprintDemo.Sprint2DemoTest">
    <error type="org.openqa.selenium.NoSuchElementException" message="An element could not be located on the page using the given search parameters. (WARNING: The server did not provide any stacktrace information)
Command duration or timeout: 1.10 seconds
For documentation on this error, please visit: http://seleniumhq.org/exceptions/no_such_element.html
Build info: version: &#039;3.4.0&#039;, revision: &#039;unknown&#039;, time: &#039;unknown&#039;
System info: host: &#039;NDI-LAP-550&#039;, ip: &#039;172.20.38.244&#039;, os.name: &#039;Windows 7&#039;, os.arch: &#039;amd64&#039;, os.version: &#039;6.1&#039;, java.version: &#039;1.8.0_121&#039;
Driver info: io.appium.java_client.android.AndroidDriver
Capabilities [{appPackage=com.iambank.debug, noReset=false, deviceName=emulator-5554, fullReset=true, platform=ANY, deviceUDID=emulator-5554, desired={app=C:\GIT_Android\android_automation\iambank-0.2.0-debug.apk, noReset=false, newCommandTimeout=900, platformVersion=5.1, recordVideo=true, recordScreenshots=true, platformName=Android, deviceName=&quot;Nexus_4_API_22&quot;, fullReset=true, platform=ANY}, newCommandTimeout=900, platformVersion=5.1.1, webStorageEnabled=false, takesScreenshot=true, javascriptEnabled=true, recordScreenshots=true, platformName=Android, deviceManufacturer=unknown, app=C:\GIT_Android\android_automation\iambank-0.2.0-debug.apk, deviceScreenSize=768x1280, networkConnectionEnabled=true, warnings={}, recordVideo=true, appWaitPackage=com.iambank.debug, appWaitActivity=com.iambank.onboarding.ui.activity.SplashActivity, databaseEnabled=false, appActivity=com.iambank.onboarding.ui.activity.SplashActivity, locationContextEnabled=false, deviceModel=Android SDK built for x86}]
Session ID: acf14fc5-f19a-4b82-8c12-971adbbd384e
*** Element info: {Using=xpath, value=//*[@class=&#039;android.widget.Button&#039;][2]}">
      <![CDATA[org.openqa.selenium.NoSuchElementException: An element could not be located on the page using the given search parameters. (WARNING: The server did not provide any stacktrace information)
Command duration or timeout: 1.10 seconds
For documentation on this error, please visit: http://seleniumhq.org/exceptions/no_such_element.html
Build info: version: '3.4.0', revision: 'unknown', time: 'unknown'
System info: host: 'NDI-LAP-550', ip: '172.20.38.244', os.name: 'Windows 7', os.arch: 'amd64', os.version: '6.1', java.version: '1.8.0_121'
Driver info: io.appium.java_client.android.AndroidDriver
Capabilities [{appPackage=com.iambank.debug, noReset=false, deviceName=emulator-5554, fullReset=true, platform=ANY, deviceUDID=emulator-5554, desired={app=C:\GIT_Android\android_automation\iambank-0.2.0-debug.apk, noReset=false, newCommandTimeout=900, platformVersion=5.1, recordVideo=true, recordScreenshots=true, platformName=Android, deviceName="Nexus_4_API_22", fullReset=true, platform=ANY}, newCommandTimeout=900, platformVersion=5.1.1, webStorageEnabled=false, takesScreenshot=true, javascriptEnabled=true, recordScreenshots=true, platformName=Android, deviceManufacturer=unknown, app=C:\GIT_Android\android_automation\iambank-0.2.0-debug.apk, deviceScreenSize=768x1280, networkConnectionEnabled=true, warnings={}, recordVideo=true, appWaitPackage=com.iambank.debug, appWaitActivity=com.iambank.onboarding.ui.activity.SplashActivity, databaseEnabled=false, appActivity=com.iambank.onboarding.ui.activity.SplashActivity, locationContextEnabled=false, deviceModel=Android SDK built for x86}]
Session ID: acf14fc5-f19a-4b82-8c12-971adbbd384e
*** Element info: {Using=xpath, value=//*[@class='android.widget.Button'][2]}
	at sun.reflect.NativeConstructorAccessorImpl.newInstance0(Native Method)
	at sun.reflect.NativeConstructorAccessorImpl.newInstance(Unknown Source)
	at sun.reflect.DelegatingConstructorAccessorImpl.newInstance(Unknown Source)
	at java.lang.reflect.Constructor.newInstance(Unknown Source)
	at org.openqa.selenium.remote.ErrorHandler.createThrowable(ErrorHandler.java:215)
	at org.openqa.selenium.remote.ErrorHandler.throwIfResponseFailed(ErrorHandler.java:167)
	at org.openqa.selenium.remote.RemoteWebDriver.execute(RemoteWebDriver.java:671)
	at io.appium.java_client.DefaultGenericMobileDriver.execute(DefaultGenericMobileDriver.java:42)
	at io.appium.java_client.AppiumDriver.execute(AppiumDriver.java:1)
	at io.appium.java_client.android.AndroidDriver.execute(AndroidDriver.java:1)
	at org.openqa.selenium.remote.RemoteWebDriver.findElement(RemoteWebDriver.java:410)
	at io.appium.java_client.DefaultGenericMobileDriver.findElement(DefaultGenericMobileDriver.java:62)
	at io.appium.java_client.AppiumDriver.findElement(AppiumDriver.java:1)
	at io.appium.java_client.android.AndroidDriver.findElement(AndroidDriver.java:1)
	at org.openqa.selenium.remote.RemoteWebDriver.findElementByXPath(RemoteWebDriver.java:509)
	at io.appium.java_client.DefaultGenericMobileDriver.findElementByXPath(DefaultGenericMobileDriver.java:140)
	at io.appium.java_client.AppiumDriver.findElementByXPath(AppiumDriver.java:1)
	at io.appium.java_client.android.AndroidDriver.findElementByXPath(AndroidDriver.java:1)
	at org.openqa.selenium.By$ByXPath.findElement(By.java:361)
	at org.openqa.selenium.remote.RemoteWebDriver.findElement(RemoteWebDriver.java:402)
	at io.appium.java_client.DefaultGenericMobileDriver.findElement(DefaultGenericMobileDriver.java:58)
	at io.appium.java_client.AppiumDriver.findElement(AppiumDriver.java:1)
	at io.appium.java_client.android.AndroidDriver.findElement(AndroidDriver.java:1)
	at com.iambank.pages.OnBoardingScreens.PhoneNumberScreen.clickNextButton(PhoneNumberScreen.java:76)
	at com.iambank.test.app.SprintDemo.Sprint2DemoTest.verifyNextButtonClick(Sprint2DemoTest.java:31)
	at sun.reflect.NativeMethodAccessorImpl.invoke0(Native Method)
	at sun.reflect.NativeMethodAccessorImpl.invoke(Unknown Source)
	at sun.reflect.DelegatingMethodAccessorImpl.invoke(Unknown Source)
	at java.lang.reflect.Method.invoke(Unknown Source)
	at org.testng.internal.MethodInvocationHelper.invokeMethod(MethodInvocationHelper.java:108)
	at org.testng.internal.MethodInvocationHelper$1.runTestMethod(MethodInvocationHelper.java:209)
	at org.springframework.test.context.testng.AbstractTestNGSpringContextTests.run(AbstractTestNGSpringContextTests.java:175)
	at org.testng.internal.MethodInvocationHelper.invokeHookable(MethodInvocationHelper.java:221)
	at org.testng.internal.Invoker.invokeMethod(Invoker.java:657)
	at org.testng.internal.Invoker.invokeTestMethod(Invoker.java:869)
	at org.testng.internal.TestMethodWithDataProviderMethodWorker.call(TestMethodWithDataProviderMethodWorker.java:75)
	at org.testng.internal.TestMethodWithDataProviderMethodWorker.call(TestMethodWithDataProviderMethodWorker.java:14)
	at java.util.concurrent.FutureTask.run(Unknown Source)
	at java.util.concurrent.Executors$RunnableAdapter.call(Unknown Source)
	at java.util.concurrent.FutureTask.run(Unknown Source)
	at java.util.concurrent.ThreadPoolExecutor.runWorker(Unknown Source)
	at java.util.concurrent.ThreadPoolExecutor$Worker.run(Unknown Source)
	at java.lang.Thread.run(Unknown Source)
]]>
    </error>
  </testcase> <!-- verifyNextButtonClick -->
</testsuite> <!-- com.iambank.test.app.SprintDemo.Sprint2DemoTest -->
